<?xml version="1.0" encoding="UTF-8" ?>
<testsuites name="vitest tests" tests="3" failures="0" errors="0" time="0.0136699">
    <testsuite name="src/integration/integration.spec.ts" timestamp="2026-08-10T22:20:11.710Z" hostname="DESKTOP-4H6DGUF" tests="3" failures="0" errors="0" skipped="0" time="0.0136699">
        <testcase classname="src/integration/integration.spec.ts" name="PaymentService - Testes de Integração &gt; deve processar um pagamento aprovado" time="0.0071611">
        </testcase>
        <testcase classname="src/integration/integration.spec.ts" name="PaymentService - Testes de Integração &gt; deve lançar erro quando o pagamento for recusado" time="0.0026985">
        </testcase>
        <testcase classname="src/integration/integration.spec.ts" name="PaymentService - Testes de Integração &gt; deve propagar erro quando ocorrer uma falha de rede" time="0.0009707">
        </testcase>
    </testsuite>
</testsuites>
