<?xml version="1.0" encoding="UTF-8" ?>
<testsuites name="vitest tests" tests="2" failures="0" errors="0" time="0.0075883">
    <testsuite name="src/regression/regression.spec.ts" timestamp="2026-08-10T22:20:57.019Z" hostname="DESKTOP-4H6DGUF" tests="2" failures="0" errors="0" skipped="0" time="0.0075883">
        <testcase classname="src/regression/regression.spec.ts" name="Regressão: Regras de Negócio do Checkout de Pedidos &gt; Deve manter o cálculo do total com cupom e taxa de entrega" time="0.003127">
        </testcase>
        <testcase classname="src/regression/regression.spec.ts" name="Regressão: Regras de Negócio do Checkout de Pedidos &gt; Deve impedir pedidos quando a filial estiver fechada" time="0.0020771">
        </testcase>
    </testsuite>
</testsuites>
