<?xml version="1.0" encoding="UTF-8" ?>
<testsuites name="vitest tests" tests="2" failures="0" errors="0" time="0.007057">
    <testsuite name="src/system/system.spec.ts" timestamp="2026-08-10T22:20:36.802Z" hostname="DESKTOP-4H6DGUF" tests="2" failures="0" errors="0" skipped="0" time="0.007057">
        <testcase classname="src/system/system.spec.ts" name="Teste de Sistema - Fluxo Completo de Pedido &gt; deve concluir um pedido do início ao fim" time="0.0044944">
        </testcase>
        <testcase classname="src/system/system.spec.ts" name="Teste de Sistema - Fluxo Completo de Pedido &gt; deve cancelar o pedido quando o pagamento for recusado" time="0.0004764">
        </testcase>
    </testsuite>
</testsuites>
